Build started 11/8/2012 3:00:55 PM.
Project "C:\Users\bemmanuel\Documents\Visual Studio 2010\Projects\TapLockCredentialProvider\TapLockCredentialProvider\TapLockCredentialProvider.vcxproj" on node 2 (build target(s)).
InitializeBuildStatus:
  Creating "x64\Release\TapLockCredentialProvider.unsuccessfulbuild" because "AlwaysCreate" was specified.
ClCompile:
  c:\Program Files (x86)\Microsoft Visual Studio 10.0\VC\bin\x86_amd64\CL.exe /c /I"C:\Program Files\Microsoft SDKs\Windows\v1.0\Include" /Zi /nologo /W4 /WX /O2 /D _WINDLL /Gm- /EHsc /MD /GS /fp:precise /Zc:wchar_t /Zc:forScope /Fo"x64\Release\\" /Fd"x64\Release\vc100.pdb" /Gd /TP /errorReport:prompt TapLockListener.cpp TapLockProvider.cpp
  TapLockListener.cpp
  TapLockProvider.cpp
  Generating Code...
ResourceCompile:
  All outputs are up-to-date.
Link:
  c:\Program Files (x86)\Microsoft Visual Studio 10.0\VC\bin\x86_amd64\link.exe /ERRORREPORT:PROMPT /OUT:"C:\Users\bemmanuel\Documents\Visual Studio 2010\Projects\TapLockCredentialProvider\x64\Release\TapLockCredentialProvider.dll" /VERBOSE:Lib /INCREMENTAL:NO /NOLOGO /LIBPATH:"C:\program Files\microsoft sdKs\Windows\v1.0\Lib\x64" secur32.lib shlwapi.lib gdi32.lib ole32.lib user32.lib advapi32.lib credui.lib kernel32.lib user32.lib gdi32.lib winspool.lib comdlg32.lib advapi32.lib shell32.lib ole32.lib oleaut32.lib uuid.lib odbc32.lib odbccp32.lib /DEF:"TapLockCredentialProvider.def" /ASSEMBLYMODULE:secur32.lib /ASSEMBLYRESOURCE:secur32.lib /MANIFEST /ManifestFile:"x64\Release\TapLockCredentialProvider.dll.intermediate.manifest" /MANIFESTUAC:"level='asInvoker' uiAccess='false'" /DEBUG /PDB:"C:\Users\bemmanuel\Documents\Visual Studio 2010\Projects\TapLockCredentialProvider\x64\Release\TapLockCredentialProvider.pdb" /TLBID:1 /DYNAMICBASE /NXCOMPAT /IMPLIB:"C:\Users\bemmanuel\Documents\Visual Studio 2010\Projects\TapLockCredentialProvider\x64\Release\TapLockCredentialProvider.lib" /MACHINE:X64 /DLL x64\Release\resources.res
  x64\Release\Dll.obj
  x64\Release\guid.obj
  x64\Release\helpers.obj
  x64\Release\TapLockCredential.obj
  x64\Release\TapLockListener.obj
  x64\Release\TapLockProvider.obj
  
  Searching libraries
      Searching c:\Program Files (x86)\Microsoft SDKs\Windows\v7.0A\lib\x64\secur32.lib:
      Searching c:\Program Files (x86)\Microsoft SDKs\Windows\v7.0A\lib\x64\shlwapi.lib:
      Searching c:\Program Files (x86)\Microsoft SDKs\Windows\v7.0A\lib\x64\gdi32.lib:
      Searching c:\Program Files (x86)\Microsoft SDKs\Windows\v7.0A\lib\x64\ole32.lib:
      Searching c:\Program Files (x86)\Microsoft SDKs\Windows\v7.0A\lib\x64\user32.lib:
      Searching c:\Program Files (x86)\Microsoft SDKs\Windows\v7.0A\lib\x64\advapi32.lib:
      Searching c:\Program Files (x86)\Microsoft SDKs\Windows\v7.0A\lib\x64\credui.lib:
      Searching c:\Program Files (x86)\Microsoft SDKs\Windows\v7.0A\lib\x64\kernel32.lib:
      Searching c:\Program Files (x86)\Microsoft SDKs\Windows\v7.0A\lib\x64\winspool.lib:
      Searching c:\Program Files (x86)\Microsoft SDKs\Windows\v7.0A\lib\x64\comdlg32.lib:
      Searching c:\Program Files (x86)\Microsoft SDKs\Windows\v7.0A\lib\x64\shell32.lib:
      Searching c:\Program Files (x86)\Microsoft SDKs\Windows\v7.0A\lib\x64\oleaut32.lib:
      Searching c:\Program Files (x86)\Microsoft SDKs\Windows\v7.0A\lib\x64\uuid.lib:
      Searching c:\Program Files (x86)\Microsoft SDKs\Windows\v7.0A\lib\x64\odbc32.lib:
      Searching c:\Program Files (x86)\Microsoft SDKs\Windows\v7.0A\lib\x64\odbccp32.lib:
      Searching c:\Program Files (x86)\Microsoft Visual Studio 10.0\VC\lib\amd64\MSVCRT.lib:
      Searching c:\Program Files (x86)\Microsoft Visual Studio 10.0\VC\lib\amd64\OLDNAMES.lib:
      Searching c:\Program Files (x86)\Microsoft Visual Studio 10.0\VC\lib\amd64\msvcprt.lib:
      Searching c:\Program Files (x86)\Microsoft SDKs\Windows\v7.0A\lib\x64\Ws2_32.lib:
      Searching c:\Program Files (x86)\Microsoft SDKs\Windows\v7.0A\lib\x64\secur32.lib:
      Searching c:\Program Files (x86)\Microsoft SDKs\Windows\v7.0A\lib\x64\shlwapi.lib:
      Searching c:\Program Files (x86)\Microsoft SDKs\Windows\v7.0A\lib\x64\gdi32.lib:
      Searching c:\Program Files (x86)\Microsoft SDKs\Windows\v7.0A\lib\x64\ole32.lib:
      Searching c:\Program Files (x86)\Microsoft SDKs\Windows\v7.0A\lib\x64\user32.lib:
      Searching c:\Program Files (x86)\Microsoft SDKs\Windows\v7.0A\lib\x64\advapi32.lib:
      Searching c:\Program Files (x86)\Microsoft SDKs\Windows\v7.0A\lib\x64\credui.lib:
      Searching c:\Program Files (x86)\Microsoft SDKs\Windows\v7.0A\lib\x64\kernel32.lib:
      Searching c:\Program Files (x86)\Microsoft SDKs\Windows\v7.0A\lib\x64\winspool.lib:
      Searching c:\Program Files (x86)\Microsoft SDKs\Windows\v7.0A\lib\x64\comdlg32.lib:
      Searching c:\Program Files (x86)\Microsoft SDKs\Windows\v7.0A\lib\x64\shell32.lib:
      Searching c:\Program Files (x86)\Microsoft SDKs\Windows\v7.0A\lib\x64\oleaut32.lib:
      Searching c:\Program Files (x86)\Microsoft SDKs\Windows\v7.0A\lib\x64\uuid.lib:
      Searching c:\Program Files (x86)\Microsoft SDKs\Windows\v7.0A\lib\x64\odbc32.lib:
      Searching c:\Program Files (x86)\Microsoft SDKs\Windows\v7.0A\lib\x64\odbccp32.lib:
      Searching c:\Program Files (x86)\Microsoft Visual Studio 10.0\VC\lib\amd64\MSVCRT.lib:
      Searching c:\Program Files (x86)\Microsoft Visual Studio 10.0\VC\lib\amd64\OLDNAMES.lib:
      Searching c:\Program Files (x86)\Microsoft Visual Studio 10.0\VC\lib\amd64\msvcprt.lib:
  
  Finished searching libraries
     Creating library C:\Users\bemmanuel\Documents\Visual Studio 2010\Projects\TapLockCredentialProvider\x64\Release\TapLockCredentialProvider.lib and object C:\Users\bemmanuel\Documents\Visual Studio 2010\Projects\TapLockCredentialProvider\x64\Release\TapLockCredentialProvider.exp
  
  Searching libraries
      Searching c:\Program Files (x86)\Microsoft SDKs\Windows\v7.0A\lib\x64\secur32.lib:
      Searching c:\Program Files (x86)\Microsoft SDKs\Windows\v7.0A\lib\x64\shlwapi.lib:
      Searching c:\Program Files (x86)\Microsoft SDKs\Windows\v7.0A\lib\x64\gdi32.lib:
      Searching c:\Program Files (x86)\Microsoft SDKs\Windows\v7.0A\lib\x64\ole32.lib:
      Searching c:\Program Files (x86)\Microsoft SDKs\Windows\v7.0A\lib\x64\user32.lib:
      Searching c:\Program Files (x86)\Microsoft SDKs\Windows\v7.0A\lib\x64\advapi32.lib:
      Searching c:\Program Files (x86)\Microsoft SDKs\Windows\v7.0A\lib\x64\credui.lib:
      Searching c:\Program Files (x86)\Microsoft SDKs\Windows\v7.0A\lib\x64\kernel32.lib:
      Searching c:\Program Files (x86)\Microsoft SDKs\Windows\v7.0A\lib\x64\winspool.lib:
      Searching c:\Program Files (x86)\Microsoft SDKs\Windows\v7.0A\lib\x64\comdlg32.lib:
      Searching c:\Program Files (x86)\Microsoft SDKs\Windows\v7.0A\lib\x64\shell32.lib:
      Searching c:\Program Files (x86)\Microsoft SDKs\Windows\v7.0A\lib\x64\oleaut32.lib:
      Searching c:\Program Files (x86)\Microsoft SDKs\Windows\v7.0A\lib\x64\uuid.lib:
      Searching c:\Program Files (x86)\Microsoft SDKs\Windows\v7.0A\lib\x64\odbc32.lib:
      Searching c:\Program Files (x86)\Microsoft SDKs\Windows\v7.0A\lib\x64\odbccp32.lib:
      Searching c:\Program Files (x86)\Microsoft Visual Studio 10.0\VC\lib\amd64\MSVCRT.lib:
      Searching c:\Program Files (x86)\Microsoft Visual Studio 10.0\VC\lib\amd64\OLDNAMES.lib:
      Searching c:\Program Files (x86)\Microsoft Visual Studio 10.0\VC\lib\amd64\msvcprt.lib:
      Searching c:\Program Files (x86)\Microsoft SDKs\Windows\v7.0A\lib\x64\Ws2_32.lib:
  
  Finished searching libraries
  TapLockCredentialProvider.vcxproj -> C:\Users\bemmanuel\Documents\Visual Studio 2010\Projects\TapLockCredentialProvider\x64\Release\TapLockCredentialProvider.dll
Manifest:
  c:\Program Files (x86)\Microsoft SDKs\Windows\v7.0A\bin\mt.exe /nologo /verbose /outputresource:"C:\Users\bemmanuel\Documents\Visual Studio 2010\Projects\TapLockCredentialProvider\x64\Release\TapLockCredentialProvider.dll;#2" /manifest x64\Release\TapLockCredentialProvider.dll.intermediate.manifest
FinalizeBuildStatus:
  Deleting file "x64\Release\TapLockCredentialProvider.unsuccessfulbuild".
  Touching "x64\Release\TapLockCredentialProvider.lastbuildstate".
Done Building Project "C:\Users\bemmanuel\Documents\Visual Studio 2010\Projects\TapLockCredentialProvider\TapLockCredentialProvider\TapLockCredentialProvider.vcxproj" (build target(s)).

Build succeeded.

Time Elapsed 00:00:03.51
