Build started 11/8/2012 3:01:15 PM.
Project "C:\Users\bemmanuel\Documents\Visual Studio 2010\Projects\TapLockCredentialProvider\TapLockCredentialProvider\TapLockCredentialProvider.vcxproj" on node 2 (build target(s)).
InitializeBuildStatus:
  Creating "Release\TapLockCredentialProvider.unsuccessfulbuild" because "AlwaysCreate" was specified.
ClCompile:
  c:\Program Files (x86)\Microsoft Visual Studio 10.0\VC\bin\CL.exe /c /I"C:\Program Files\Microsoft SDKs\Windows\v1.0\Include" /Zi /nologo /W4 /WX /O2 /Oy- /D _WINDLL /Gm- /EHsc /MD /GS /fp:precise /Zc:wchar_t /Zc:forScope /Fo"Release\\" /Fd"Release\vc100.pdb" /Gd /TP /analyze- /errorReport:prompt TapLockCredential.cpp TapLockListener.cpp TapLockProvider.cpp helpers.cpp
  TapLockCredential.cpp
  TapLockListener.cpp
  TapLockProvider.cpp
  helpers.cpp
  Generating Code...
ResourceCompile:
  All outputs are up-to-date.
ManifestResourceCompile:
  All outputs are up-to-date.
Link:
  c:\Program Files (x86)\Microsoft Visual Studio 10.0\VC\bin\link.exe /ERRORREPORT:PROMPT /OUT:"C:\Users\bemmanuel\Documents\Visual Studio 2010\Projects\TapLockCredentialProvider\Release\TapLockCredentialProvider.dll" /VERBOSE:Lib /INCREMENTAL /NOLOGO /LIBPATH:"C:\program Files\microsoft sdKs\Windows\v1.0\Lib" secur32.lib shlwapi.lib gdi32.lib ole32.lib user32.lib advapi32.lib credui.lib kernel32.lib user32.lib gdi32.lib winspool.lib comdlg32.lib advapi32.lib shell32.lib ole32.lib oleaut32.lib uuid.lib odbc32.lib odbccp32.lib /DEF:"TapLockCredentialProvider.def" /ASSEMBLYMODULE:secur32.lib /ASSEMBLYRESOURCE:secur32.lib /MANIFEST /ManifestFile:"Release\TapLockCredentialProvider.dll.intermediate.manifest" /MANIFESTUAC:"level='asInvoker' uiAccess='false'" /DEBUG /PDB:"C:\Users\bemmanuel\Documents\Visual Studio 2010\Projects\TapLockCredentialProvider\Release\TapLockCredentialProvider.pdb" /TLBID:1 /DYNAMICBASE /NXCOMPAT /IMPLIB:"C:\Users\bemmanuel\Documents\Visual Studio 2010\Projects\TapLockCredentialProvider\Release\TapLockCredentialProvider.lib" /MACHINE:X86 /DLL Release\resources.res
  Release\TapLockCredentialProvider.dll.embed.manifest.res
  Release\Dll.obj
  Release\guid.obj
  Release\helpers.obj
  Release\TapLockCredential.obj
  Release\TapLockListener.obj
  Release\TapLockProvider.obj
  
  Searching libraries
      Searching c:\Program Files (x86)\Microsoft SDKs\Windows\v7.0A\lib\secur32.lib:
      Searching c:\Program Files (x86)\Microsoft SDKs\Windows\v7.0A\lib\shlwapi.lib:
      Searching c:\Program Files (x86)\Microsoft SDKs\Windows\v7.0A\lib\gdi32.lib:
      Searching c:\Program Files (x86)\Microsoft SDKs\Windows\v7.0A\lib\ole32.lib:
      Searching c:\Program Files (x86)\Microsoft SDKs\Windows\v7.0A\lib\user32.lib:
      Searching c:\Program Files (x86)\Microsoft SDKs\Windows\v7.0A\lib\advapi32.lib:
      Searching c:\Program Files (x86)\Microsoft SDKs\Windows\v7.0A\lib\credui.lib:
      Searching c:\Program Files (x86)\Microsoft SDKs\Windows\v7.0A\lib\kernel32.lib:
      Searching c:\Program Files (x86)\Microsoft SDKs\Windows\v7.0A\lib\winspool.lib:
      Searching c:\Program Files (x86)\Microsoft SDKs\Windows\v7.0A\lib\comdlg32.lib:
      Searching c:\Program Files (x86)\Microsoft SDKs\Windows\v7.0A\lib\shell32.lib:
      Searching c:\Program Files (x86)\Microsoft SDKs\Windows\v7.0A\lib\oleaut32.lib:
      Searching c:\Program Files (x86)\Microsoft SDKs\Windows\v7.0A\lib\uuid.lib:
      Searching c:\Program Files (x86)\Microsoft SDKs\Windows\v7.0A\lib\odbc32.lib:
      Searching c:\Program Files (x86)\Microsoft SDKs\Windows\v7.0A\lib\odbccp32.lib:
      Searching c:\Program Files (x86)\Microsoft Visual Studio 10.0\VC\lib\MSVCRT.lib:
      Searching c:\Program Files (x86)\Microsoft Visual Studio 10.0\VC\lib\OLDNAMES.lib:
      Searching c:\Program Files (x86)\Microsoft Visual Studio 10.0\VC\lib\msvcprt.lib:
      Searching c:\Program Files (x86)\Microsoft SDKs\Windows\v7.0A\lib\Ws2_32.lib:
      Searching c:\Program Files (x86)\Microsoft SDKs\Windows\v7.0A\lib\secur32.lib:
      Searching c:\Program Files (x86)\Microsoft SDKs\Windows\v7.0A\lib\shlwapi.lib:
      Searching c:\Program Files (x86)\Microsoft SDKs\Windows\v7.0A\lib\gdi32.lib:
      Searching c:\Program Files (x86)\Microsoft SDKs\Windows\v7.0A\lib\ole32.lib:
      Searching c:\Program Files (x86)\Microsoft SDKs\Windows\v7.0A\lib\user32.lib:
      Searching c:\Program Files (x86)\Microsoft SDKs\Windows\v7.0A\lib\advapi32.lib:
      Searching c:\Program Files (x86)\Microsoft SDKs\Windows\v7.0A\lib\credui.lib:
      Searching c:\Program Files (x86)\Microsoft SDKs\Windows\v7.0A\lib\kernel32.lib:
      Searching c:\Program Files (x86)\Microsoft SDKs\Windows\v7.0A\lib\winspool.lib:
      Searching c:\Program Files (x86)\Microsoft SDKs\Windows\v7.0A\lib\comdlg32.lib:
      Searching c:\Program Files (x86)\Microsoft SDKs\Windows\v7.0A\lib\shell32.lib:
      Searching c:\Program Files (x86)\Microsoft SDKs\Windows\v7.0A\lib\oleaut32.lib:
      Searching c:\Program Files (x86)\Microsoft SDKs\Windows\v7.0A\lib\uuid.lib:
      Searching c:\Program Files (x86)\Microsoft SDKs\Windows\v7.0A\lib\odbc32.lib:
      Searching c:\Program Files (x86)\Microsoft SDKs\Windows\v7.0A\lib\odbccp32.lib:
      Searching c:\Program Files (x86)\Microsoft Visual Studio 10.0\VC\lib\MSVCRT.lib:
      Searching c:\Program Files (x86)\Microsoft Visual Studio 10.0\VC\lib\OLDNAMES.lib:
      Searching c:\Program Files (x86)\Microsoft Visual Studio 10.0\VC\lib\msvcprt.lib:
  
  Finished searching libraries
     Creating library C:\Users\bemmanuel\Documents\Visual Studio 2010\Projects\TapLockCredentialProvider\Release\TapLockCredentialProvider.lib and object C:\Users\bemmanuel\Documents\Visual Studio 2010\Projects\TapLockCredentialProvider\Release\TapLockCredentialProvider.exp
  
  Searching libraries
      Searching c:\Program Files (x86)\Microsoft SDKs\Windows\v7.0A\lib\secur32.lib:
      Searching c:\Program Files (x86)\Microsoft SDKs\Windows\v7.0A\lib\shlwapi.lib:
      Searching c:\Program Files (x86)\Microsoft SDKs\Windows\v7.0A\lib\gdi32.lib:
      Searching c:\Program Files (x86)\Microsoft SDKs\Windows\v7.0A\lib\ole32.lib:
      Searching c:\Program Files (x86)\Microsoft SDKs\Windows\v7.0A\lib\user32.lib:
      Searching c:\Program Files (x86)\Microsoft SDKs\Windows\v7.0A\lib\advapi32.lib:
      Searching c:\Program Files (x86)\Microsoft SDKs\Windows\v7.0A\lib\credui.lib:
      Searching c:\Program Files (x86)\Microsoft SDKs\Windows\v7.0A\lib\kernel32.lib:
      Searching c:\Program Files (x86)\Microsoft SDKs\Windows\v7.0A\lib\winspool.lib:
      Searching c:\Program Files (x86)\Microsoft SDKs\Windows\v7.0A\lib\comdlg32.lib:
      Searching c:\Program Files (x86)\Microsoft SDKs\Windows\v7.0A\lib\shell32.lib:
      Searching c:\Program Files (x86)\Microsoft SDKs\Windows\v7.0A\lib\oleaut32.lib:
      Searching c:\Program Files (x86)\Microsoft SDKs\Windows\v7.0A\lib\uuid.lib:
      Searching c:\Program Files (x86)\Microsoft SDKs\Windows\v7.0A\lib\odbc32.lib:
      Searching c:\Program Files (x86)\Microsoft SDKs\Windows\v7.0A\lib\odbccp32.lib:
      Searching c:\Program Files (x86)\Microsoft Visual Studio 10.0\VC\lib\MSVCRT.lib:
      Searching c:\Program Files (x86)\Microsoft Visual Studio 10.0\VC\lib\OLDNAMES.lib:
      Searching c:\Program Files (x86)\Microsoft Visual Studio 10.0\VC\lib\msvcprt.lib:
      Searching c:\Program Files (x86)\Microsoft SDKs\Windows\v7.0A\lib\Ws2_32.lib:
  
  Finished searching libraries
  
  Searching libraries
      Searching c:\Program Files (x86)\Microsoft SDKs\Windows\v7.0A\lib\secur32.lib:
      Searching c:\Program Files (x86)\Microsoft SDKs\Windows\v7.0A\lib\shlwapi.lib:
      Searching c:\Program Files (x86)\Microsoft SDKs\Windows\v7.0A\lib\gdi32.lib:
      Searching c:\Program Files (x86)\Microsoft SDKs\Windows\v7.0A\lib\ole32.lib:
      Searching c:\Program Files (x86)\Microsoft SDKs\Windows\v7.0A\lib\user32.lib:
      Searching c:\Program Files (x86)\Microsoft SDKs\Windows\v7.0A\lib\advapi32.lib:
      Searching c:\Program Files (x86)\Microsoft SDKs\Windows\v7.0A\lib\credui.lib:
      Searching c:\Program Files (x86)\Microsoft SDKs\Windows\v7.0A\lib\kernel32.lib:
      Searching c:\Program Files (x86)\Microsoft SDKs\Windows\v7.0A\lib\winspool.lib:
      Searching c:\Program Files (x86)\Microsoft SDKs\Windows\v7.0A\lib\comdlg32.lib:
      Searching c:\Program Files (x86)\Microsoft SDKs\Windows\v7.0A\lib\shell32.lib:
      Searching c:\Program Files (x86)\Microsoft SDKs\Windows\v7.0A\lib\oleaut32.lib:
      Searching c:\Program Files (x86)\Microsoft SDKs\Windows\v7.0A\lib\uuid.lib:
      Searching c:\Program Files (x86)\Microsoft SDKs\Windows\v7.0A\lib\odbc32.lib:
      Searching c:\Program Files (x86)\Microsoft SDKs\Windows\v7.0A\lib\odbccp32.lib:
      Searching c:\Program Files (x86)\Microsoft Visual Studio 10.0\VC\lib\MSVCRT.lib:
      Searching c:\Program Files (x86)\Microsoft Visual Studio 10.0\VC\lib\OLDNAMES.lib:
      Searching c:\Program Files (x86)\Microsoft Visual Studio 10.0\VC\lib\msvcprt.lib:
      Searching c:\Program Files (x86)\Microsoft SDKs\Windows\v7.0A\lib\Ws2_32.lib:
      Searching c:\Program Files (x86)\Microsoft SDKs\Windows\v7.0A\lib\secur32.lib:
      Searching c:\Program Files (x86)\Microsoft SDKs\Windows\v7.0A\lib\shlwapi.lib:
      Searching c:\Program Files (x86)\Microsoft SDKs\Windows\v7.0A\lib\gdi32.lib:
      Searching c:\Program Files (x86)\Microsoft SDKs\Windows\v7.0A\lib\ole32.lib:
      Searching c:\Program Files (x86)\Microsoft SDKs\Windows\v7.0A\lib\user32.lib:
      Searching c:\Program Files (x86)\Microsoft SDKs\Windows\v7.0A\lib\advapi32.lib:
      Searching c:\Program Files (x86)\Microsoft SDKs\Windows\v7.0A\lib\credui.lib:
      Searching c:\Program Files (x86)\Microsoft SDKs\Windows\v7.0A\lib\kernel32.lib:
      Searching c:\Program Files (x86)\Microsoft SDKs\Windows\v7.0A\lib\winspool.lib:
      Searching c:\Program Files (x86)\Microsoft SDKs\Windows\v7.0A\lib\comdlg32.lib:
      Searching c:\Program Files (x86)\Microsoft SDKs\Windows\v7.0A\lib\shell32.lib:
      Searching c:\Program Files (x86)\Microsoft SDKs\Windows\v7.0A\lib\oleaut32.lib:
      Searching c:\Program Files (x86)\Microsoft SDKs\Windows\v7.0A\lib\uuid.lib:
      Searching c:\Program Files (x86)\Microsoft SDKs\Windows\v7.0A\lib\odbc32.lib:
      Searching c:\Program Files (x86)\Microsoft SDKs\Windows\v7.0A\lib\odbccp32.lib:
  
  Finished searching libraries
Manifest:
  c:\Program Files (x86)\Microsoft SDKs\Windows\v7.0A\bin\mt.exe /nologo /verbose /out:"Release\TapLockCredentialProvider.dll.embed.manifest" /manifest Release\TapLockCredentialProvider.dll.intermediate.manifest
  All outputs are up-to-date.
LinkEmbedManifest:
  All outputs are up-to-date.
  TapLockCredentialProvider.vcxproj -> C:\Users\bemmanuel\Documents\Visual Studio 2010\Projects\TapLockCredentialProvider\Release\TapLockCredentialProvider.dll
FinalizeBuildStatus:
  Deleting file "Release\TapLockCredentialProvider.unsuccessfulbuild".
  Touching "Release\TapLockCredentialProvider.lastbuildstate".
Done Building Project "C:\Users\bemmanuel\Documents\Visual Studio 2010\Projects\TapLockCredentialProvider\TapLockCredentialProvider\TapLockCredentialProvider.vcxproj" (build target(s)).

Build succeeded.

Time Elapsed 00:00:07.27
