Build started 11/8/2012 1:25:05 PM.
Project "C:\Users\bemmanuel\Documents\Visual Studio 2010\Projects\TapLockCredentialProvider\TapLockCredentialProvider\TapLockCredentialProvider.vcxproj" on node 2 (build target(s)).
InitializeBuildStatus:
  Touching "Debug\TapLockCredentialProvider.unsuccessfulbuild".
ClCompile:
  c:\Program Files (x86)\Microsoft Visual Studio 10.0\VC\bin\CL.exe /c /I"C:\Program Files\Microsoft SDKs\Windows\v1.0\Include" /ZI /nologo /W4 /WX /Od /Oy- /D _WINDLL /Gm- /EHsc /MD /GS /fp:precise /Zc:wchar_t /Zc:forScope /Fo"Debug\\" /Fd"Debug\vc100.pdb" /Gd /TP /analyze- /errorReport:prompt TapLockCredential.cpp TapLockProvider.cpp
  TapLockCredential.cpp
  TapLockProvider.cpp
  Generating Code...
ResourceCompile:
  All outputs are up-to-date.
ManifestResourceCompile:
  All outputs are up-to-date.
Link:
  c:\Program Files (x86)\Microsoft Visual Studio 10.0\VC\bin\link.exe /ERRORREPORT:PROMPT /OUT:"C:\Users\bemmanuel\Documents\Visual Studio 2010\Projects\TapLockCredentialProvider\Debug\TapLockCredentialProvider.dll" /VERBOSE:Lib /INCREMENTAL /NOLOGO /LIBPATH:"C:\program Files\microsoft sdKs\Windows\v1.0\Lib" secur32.lib shlwapi.lib gdi32.lib ole32.lib user32.lib advapi32.lib credui.lib kernel32.lib user32.lib gdi32.lib winspool.lib comdlg32.lib advapi32.lib shell32.lib ole32.lib oleaut32.lib uuid.lib odbc32.lib odbccp32.lib /DEF:"TapLockCredentialProvider.def" /ASSEMBLYMODULE:secur32.lib /ASSEMBLYRESOURCE:secur32.lib /MANIFEST /ManifestFile:"Debug\TapLockCredentialProvider.dll.intermediate.manifest" /MANIFESTUAC:"level='asInvoker' uiAccess='false'" /DEBUG /PDB:"C:\Users\bemmanuel\Documents\Visual Studio 2010\Projects\TapLockCredentialProvider\Debug\TapLockCredentialProvider.pdb" /ASSEMBLYDEBUG /TLBID:1 /DYNAMICBASE /NXCOMPAT /IMPLIB:"C:\Users\bemmanuel\Documents\Visual Studio 2010\Projects\TapLockCredentialProvider\Debug\TapLockCredentialProvider.lib" /MACHINE:X86 /DLL Debug\resources.res
  Debug\TapLockCredentialProvider.dll.embed.manifest.res
  Debug\Dll.obj
  Debug\guid.obj
  Debug\helpers.obj
  Debug\TapLockCredential.obj
  Debug\TapLockListener.obj
  Debug\TapLockLogger.obj
  Debug\TapLockProvider.obj
Manifest:
  c:\Program Files (x86)\Microsoft SDKs\Windows\v7.0A\bin\mt.exe /nologo /verbose /out:"Debug\TapLockCredentialProvider.dll.embed.manifest" /manifest Debug\TapLockCredentialProvider.dll.intermediate.manifest
  All outputs are up-to-date.
LinkEmbedManifest:
  All outputs are up-to-date.
  TapLockCredentialProvider.vcxproj -> C:\Users\bemmanuel\Documents\Visual Studio 2010\Projects\TapLockCredentialProvider\Debug\TapLockCredentialProvider.dll
FinalizeBuildStatus:
  Deleting file "Debug\TapLockCredentialProvider.unsuccessfulbuild".
  Touching "Debug\TapLockCredentialProvider.lastbuildstate".
Done Building Project "C:\Users\bemmanuel\Documents\Visual Studio 2010\Projects\TapLockCredentialProvider\TapLockCredentialProvider\TapLockCredentialProvider.vcxproj" (build target(s)).

Build succeeded.

Time Elapsed 00:00:03.15
